2020-08-26 18:02:30 - MOD: Modification Default

FILE: system/engine/action.php
REGEX: ~(require|include)(_once)?\(([^)]+)~
LINE: 69

FILE: system/engine/loader.php
REGEX: ~(require|include)(_once)?\(([^)]+)~
LINE: 77
LINE: 151
LINE: 168

FILE: system/library/config.php
REGEX: ~(require|include)(_once)?\(([^)]+)~
LINE: 59

FILE: system/library/language.php
REGEX: ~(require|include)(_once)?\(([^)]+)~
LINE: 67
LINE: 73

FILE: system/library/template/template.php
REGEX: ~(require|include)(_once)?\(([^)]+)~
LINE: 18

FILE: system/library/template/twig.php
CODE: $loader = new \Twig_Loader_Filesystem(DIR_TEMPLATE);
LINE: 19
----------------------------------------------------------------
MOD: SVG Tool Image

FILE: admin/controller/common/filemanager.php
CODE: jpg,jpeg,png,gif,JPG,JPEG,PNG,GIF
LINE: 47
CODE: 'gif',
LINE: 242
CODE: 'image/x-png',
LINE: 255

FILE: admin/model/tool/image.php
CODE: $new_image
NOT FOUND - OPERATION SKIPPED!
CODE: $extension = pathinfo($filename, PATHINFO_EXTENSION);
LINE: 10
CODE: $extension = $info['extension'];
NOT FOUND - OPERATION SKIPPED!
CODE: if (isset($this->request->server['HTTPS']) && (($this->request->server['HTTPS'] == 'on') || ($this->request->server['HTTPS'] == '1'))) {
NOT FOUND - OPERATION SKIPPED!
CODE: if ($this->request->server['HTTPS']) {
LINE: 44

FILE: catalog/model/tool/image.php
CODE: $new_image
NOT FOUND - OPERATION SKIPPED!
CODE: $extension = pathinfo($filename, PATHINFO_EXTENSION);
LINE: 17
CODE: $extension = $info['extension'];
NOT FOUND - OPERATION SKIPPED!
CODE: if (isset($this->request->server['HTTPS']) && (($this->request->server['HTTPS'] == 'on') || ($this->request->server['HTTPS'] == '1'))) {
NOT FOUND - OPERATION SKIPPED!
CODE: if ($this->request->server['HTTPS']) {
LINE: 54
----------------------------------------------------------------
MOD: Export/Import Tool (V3.22) for OpenCart 3.x

FILE: admin/controller/common/column_left.php
CODE: if ($this->user->hasPermission('access', 'tool/upload')) {
LINE: 724

FILE: admin/language/en-gb/common/column_left.php
CODE: $_['text_backup']
LINE: 8

FILE: admin/language/ru-ru/common/column_left.php
CODE: $_['text_backup']
LINE: 13
----------------------------------------------------------------
MOD: Local copy OCMOD by iSenseLabs
----------------------------------------------------------------
MOD: Localcopy OCMOD Install Fix

FILE: admin/controller/marketplace/install.php
CODE: if ($safe) {
LINE: 165
CODE: if (is_dir($file) && !is_dir($path)) {
LINE: 221
----------------------------------------------------------------
MOD: Newsletter 1.0
CODE: if ($marketing) {
LINE: 495
CODE: $_['text_coupon']               = 'Coupons';
LINE: 13

FILE: admin/controller/marketing/contact.php
CODE: $data['text_product'] = $this->language->get('text_product');
NOT FOUND - OPERATIONS ABORTED!

FILE: admin/language/en-gb/marketing/contact.php
CODE: $_['text_product']         = 'Products';
LINE: 15

FILE: admin/view/template/marketing/contact.twig
CODE: <option value="product">
LINE: 47
----------------------------------------------------------------
MOD: OCFilter Modification

FILE: admin/controller/catalog/product.php
CODE: function getForm() {
LINE: 854
CODE: if (isset($this->error['warning']))
LINE: 667
LINE: 871
CODE: if ($this->user->hasPermission('access', 'catalog/filter')) {
LINE: 77

FILE: admin/language/en-gb/catalog/product.php
CODE: $_['text_success']
LINE: 15

FILE: admin/language/ru-ru/catalog/product.php
CODE: $_['text_success']
LINE: 15
CODE: $_['text_option']
LINE: 55
CODE: $_['text_option']
LINE: 63

FILE: admin/model/catalog/product.php
CODE: if (isset($data['product_recurring'])) {
LINE: 72
CODE: if (isset($data['product_recurring'])) {
LINE: 248
CODE: $data['product_attribute'] = $this->getProductAttributes($product_id);
LINE: 400
CODE: $this->db->query("DELETE FROM " . DB_PREFIX . "product WHERE product_id = '" . (int)$product_id . "'");
LINE: 426

FILE: admin/view/template/catalog/product_form.twig
CODE: <script type="text/javascript">
LINE: 1264

FILE: catalog/controller/startup/startup.php
CODE: Cart($this->registry));
LINE: 189

FILE: catalog/controller/startup/seo_url.php
CODE: $this->url->addRewrite($this);
LINE: 25

FILE: catalog/model/catalog/product.php
CODE: $sql .= " LEFT JOIN " . DB_PREFIX . "product_description
LINE: 115
LINE: 631
CODE: if (!empty($data['filter_manufacturer_id
LINE: 227
LINE: 727

FILE: catalog/controller/product/category.php
CODE: $data['breadcrumbs'] = array();
LINE: 120
CODE: $product_total =
LINE: 297
CODE: if (isset($this->request->get['filter'])) {
LINE: 390
CODE: if (isset($this->request->get['filter'])) {
LINE: 465
CODE: if (isset($this->request->get['filter'])) {
LINE: 500
CODE: $data['limit'] = $limit;
LINE: 571

FILE: system/library/document.php
CODE: public function getLinks
LINE: 115
CODE: private $keywords;
LINE: 21
CODE: public function setTitle($title) {
LINE: 43

FILE: system/library/seopro.php
CODE: validate() {
LINE: 476

FILE: catalog/controller/common/header.php
CODE: getStyles();
NOT FOUND - OPERATIONS ABORTED!

FILE: catalog/view/theme/4tv/template/common/header.twig
CODE: </title>
LINE: 20

FILE: catalog/view/theme/default/template/common/header.twig
CODE: </title>
LINE: 18
----------------------------------------------------------------
MOD: OCMOD Editor for OpenCart 3.0

FILE: admin/controller/startup/permission.php
CODE: $extension = array(
LINE: 18

FILE: admin/controller/marketplace/modification.php
CODE: public function index() {
LINE: 20
CODE: $data['refresh'] = $this->url->link('marketplace/modification/refresh', 'user_token=' . $this->session->data['user_token'] . $url, true);
LINE: 672
CODE: $data['modifications'][] = array(
LINE: 694
CODE: public function index() {
LINE: 10
CODE: $this->response->redirect($this->url->link('marketplace/modification', 'user_token=' . $this->session->data['user_token'] . $url, true));
LINE: 519

FILE: admin/view/template/marketplace/modification.twig
CODE: <div class="pull-right">
LINE: 5
CODE: {% if not modification.enabled %}
LINE: 96
----------------------------------------------------------------
MOD: Order Invoice

FILE: admin/controller/sale/order.php
CODE: $data['invoice']
LINE: 793

FILE: admin/view/template/sale/order_info.twig
CODE: <h1>
LINE: 11

FILE: admin/language/en-gb/sale/order.php
CODE: $_['heading_title']
LINE: 6

FILE: admin/language/ru-ru/sale/order.php
CODE: $_['heading_title']
LINE: 9

FILE: admin/language/uk-ua/sale/order.php
CODE: $_['heading_title']
LINE: 9
----------------------------------------------------------------
MOD: Review Product

FILE: catalog/controller/common/column_left.php
CODE: if ($route == 'information/information'
LINE: 42

FILE: catalog/controller/common/column_megamenu.php
CODE: if ($route == 'information/information'
NOT FOUND - OPERATIONS ABORTED!

FILE: catalog/controller/common/column_right.php
CODE: if ($route == 'information/information'
LINE: 42

FILE: catalog/controller/common/content_bottom.php
CODE: if ($route == 'information/information'
LINE: 42

FILE: catalog/controller/common/content_top.php
CODE: if ($route == 'information/information'
LINE: 47
CODE: if ($url[0] == 'product_id') {
LINE: 55
CODE: } elseif (isset($this->request->get['path'])) {
LINE: 90
CODE: $url[0] != 'product_id'
LINE: 75
CODE: ($data['route'] == 'information/information' && $key == 'information_id')
LINE: 136

FILE: catalog/controller/extension/module/featured.php
CODE: $this->load->model('catalog/product');
LINE: 8
CODE: products'][] = array(
LINE: 71
CODE: $rating,
LINE: 81
CODE: $this->load->model('catalog/product');
LINE: 58
CODE: products'][] = array(
LINE: 371
CODE: $result['rating'],
LINE: 383
CODE: $rating,
NOT FOUND - OPERATION SKIPPED!

FILE: catalog/controller/product/manufacturer.php
CODE: $this->load->model('catalog/product');
LINE: 82
CODE: products'][] = array(
LINE: 261
CODE: $result['rating'],
LINE: 270
CODE: $rating,
NOT FOUND - OPERATION SKIPPED!

FILE: catalog/controller/product/search.php
CODE: $this->load->model('catalog/product');
LINE: 13
CODE: products'][] = array(
LINE: 254
CODE: $result['rating'],
LINE: 263
CODE: $rating,
NOT FOUND - OPERATION SKIPPED!

FILE: catalog/controller/product/special.php
CODE: $this->load->model('catalog/product');
LINE: 12
CODE: products'][] = array(
LINE: 166
CODE: $result['rating'],
LINE: 178
CODE: $rating,
NOT FOUND - OPERATION SKIPPED!
CODE: 'text'  => $this->language->get('text_rating_desc'),
LINE: 461
CODE: 'text'  => $this->language->get('text_rating_desc'),
LINE: 331
CODE: 'text'  => $this->language->get('text_rating_desc'),
LINE: 344
CODE: 'text'  => $this->language->get('text_rating_desc'),
LINE: 245

FILE: catalog/controller/product/product.php
CODE: $this->load->model('catalog/product');
LINE: 273
CODE: if ($product_info) {
LINE: 294
CODE: products'][] = array(
LINE: 741
CODE: $rating,
LINE: 750
CODE: if ($this->user->hasPermission('access', 'catalog/review')) {
LINE: 147

FILE: catalog/controller/common/footer.php
CODE: $data['contact'] = $this->url->link('information/contact');
LINE: 52
CODE: public function deleteProduct($product_id) {
LINE: 458
CODE: public function deleteProduct($product_id) {
LINE: 461
CODE: function getProduct(
LINE: 22
CODE: pd.name AS name
LINE: 23
CODE: round($query->row['rating']),
LINE: 76
CODE: AS special";
LINE: 108
CODE: getProductSpecials
LINE: 383
CODE: ps.product_id,
LINE: 384
CODE: if (isset($data['sort'])
LINE: 278
LINE: 404

FILE: catalog/view/theme/4tv/template/product/product.twig
CODE: id="tab-review">
LINE: 1119

FILE: catalog/view/theme/default/template/product/product.twig
CODE: id="tab-review">
LINE: 78

FILE: catalog/view/theme/4tv/template/common/footer.twig
CODE: {{ text_contact }}</a></li>
NOT FOUND - OPERATIONS ABORTED!

FILE: catalog/view/theme/default/template/common/footer.twig
CODE: {{ text_contact }}</a></li>
LINE: 21
----------------------------------------------------------------
MOD: SEO CMS

FILE: catalog/controller/startup/maintenance.php
CODE: function index() {
LINE: 13

FILE: catalog/controller/common/maintenance.php
CODE: function index() {
LINE: 13

FILE: system/library/url.php
REGEX: ~(.*?)function addRewrite[(](.*?)\{~
LINE: 35
CODE: return $url;
LINE: 78
CODE: private $ssl;
LINE: 19
CODE: public function addRewrite
LINE: 46
CODE: private $title;
LINE: 25
CODE: public function getLinks
LINE: 192
CODE: return $this->links;
LINE: 193

FILE: system/library/response.php
CODE: private $output;
LINE: 20
CODE: public function addHeader
LINE: 40
CODE: if ($this->output)
LINE: 144

FILE: system/engine/model.php
CODE: $this->registry = $registry;
LINE: 33
CODE: return $this->load->view
LINE: 895

FILE: admin/view/template/common/column_left.twig
CODE: <div id="stats">
LINE: 34

FILE: admin/controller/common/header.php
CODE: $this->template
NOT FOUND - OPERATION SKIPPED!

FILE: catalog/model/design/layout.php
CODE: if ($query->num_rows)
LINE: 14
CODE: return $query->rows;
LINE: 33
----------------------------------------------------------------
MOD: SEO мультиязык-мультирегион

FILE: catalog/controller/common/home.php
CODE: $this->document->addLink(HTTP_SERVER
NOT FOUND - OPERATION SKIPPED!
CODE: $this->document->addLink($this->config->get('config_url')
NOT FOUND - OPERATION SKIPPED!
CODE: if ($this->output)
LINE: 157
REGEX: ~(.*?)function __construct[(](.*?)\{~
LINE: 30
CODE: return $url;
LINE: 102
CODE: private $ssl;
LINE: 19
CODE: public function addRewrite
LINE: 63
CODE: , 301
LINE: 535
CODE: $this->response->redirect
LINE: 542
CODE: $this->detectLanguage
LINE: 41
CODE: $this->response->redirect
NOT FOUND - OPERATION SKIPPED!
CODE: , 301
NOT FOUND - OPERATION SKIPPED!
CODE: $this->response->redirect(HTTP_SERVER
NOT FOUND - OPERATION SKIPPED!
CODE: $customer = new Cart\
LINE: 149
----------------------------------------------------------------
MOD: Shipping Data Admin
CODE: public function getForm(
LINE: 521

FILE: admin/model/sale/order.php
CODE: public function getOrderProducts(
LINE: 237
CODE: // Text
LINE: 23
CODE: // Text
LINE: 26
CODE: // Text
LINE: 26

FILE: admin/view/template/sale/order_list.twig
CODE: {{ footer }}
LINE: 552
CODE: {{ footer }}
LINE: 805
----------------------------------------------------------------
MOD: Shipping Data for Default checkout

FILE: catalog/controller/checkout/checkout.php
CODE: public function index() {
LINE: 14

FILE: catalog/view/theme/4tv/template/checkout/checkout.twig
CODE: {{ footer }}
LINE: 701

FILE: catalog/view/theme/default/template/checkout/checkout.twig
CODE: {{ footer }}
LINE: 994

FILE: catalog/view/theme/4tv/template/checkout/shipping_method.twig
CODE: </label>
LINE: 16

FILE: catalog/view/theme/default/template/checkout/shipping_method.twig
CODE: </label>
LINE: 16
----------------------------------------------------------------
MOD: SIRIUS Custom footer for OpenCart 3.x
CODE: getScripts('footer');
LINE: 112
----------------------------------------------------------------
MOD: Авторизация через соцсети

FILE: catalog/controller/checkout/login.php
CODE: function index
LINE: 12

FILE: catalog/controller/account/login.php
CODE: function index
LINE: 14

FILE: catalog/controller/account/register.php
CODE: function index
LINE: 14

FILE: catalog/view/theme/default/template/checkout/login.twig
CODE: button-login
LINE: 41

FILE: catalog/view/theme/4tv/template/checkout/component/login.twig
CODE: button-login
LINE: 93
LINE: 99
LINE: 319
LINE: 340
LINE: 346
LINE: 352
LINE: 370

FILE: catalog/view/theme/4tv/template/account/login.twig
CODE: </form>
LINE: 63

FILE: catalog/view/theme/default/template/account/login.twig
CODE: </form>
LINE: 52

FILE: catalog/view/theme/4tv/template/account/register.twig
CODE: already
LINE: 34

FILE: catalog/view/theme/default/template/account/register.twig
CODE: already
LINE: 25
----------------------------------------------------------------
MOD: Додав категорії в фільтр

FILE: catalog/controller/extension/module/ocfilter.php
CODE: $this->document->addStyle('catalog/view/javascript/ocfilter/nouislider.min.css');
LINE: 113

FILE: catalog/view/theme/default/template/extension/module/ocfilter/module.twig
CODE: {% include 'default/template/extension/module/ocfilter/filter_price.twig' %}
LINE: 89
----------------------------------------------------------------
MOD: Задать вопрос

FILE: catalog/controller/information/contact.php
CODE: $this->load->controller('common/header');
LINE: 175
LINE: 191
LINE: 270

FILE: catalog/view/theme/4tv/template/information/contact.twig
CODE: {# Задать вопрос #}
LINE: 73

FILE: catalog/view/theme/default/template/information/contact.twig
CODE: {# Задать вопрос #}
NOT FOUND - OPERATIONS ABORTED!
CODE: $data['logout'] = $this->url->link('common/logout', 'user_token=' . $this->session->data['user_token'], true);
LINE: 39

FILE: admin/view/template/common/header.twig
CODE: <ul class="nav navbar-nav navbar-right">
LINE: 62
----------------------------------------------------------------
MOD: Заказ в 1 клик + сообщите когда появиться

FILE: catalog/language/en-gb/product/product.php
CODE: // Entry
LINE: 46

FILE: catalog/language/ru-ru/product/product.php
CODE: // Entry
LINE: 96

FILE: catalog/language/en-gb/product/category.php
CODE: $_['text_refine']
LINE: 15

FILE: catalog/language/ru-ru/product/category.php
CODE: $_['text_refine']
LINE: 18

FILE: catalog/language/ru-ru/product/bestseller.php
CODE: $_['text_benefits']
LINE: 41

FILE: catalog/language/ru-ru/product/looked.php
CODE: $_['text_benefits']
LINE: 68

FILE: catalog/language/en-gb/product/special.php
CODE: $_['text_benefits']
NOT FOUND - OPERATIONS ABORTED!

FILE: catalog/language/ru-ru/product/special.php
CODE: $_['text_benefits']
LINE: 40

FILE: catalog/language/uk-ua/product/category.php
CODE: $_['text_refine']
LINE: 18

FILE: catalog/language/uk-ua/product/bestseller.php
CODE: $_['text_benefits']
LINE: 41
CODE: $data['text_empty']
LINE: 88
CODE: $data['text_empty']
NOT FOUND - OPERATIONS ABORTED!

FILE: catalog/controller/product/looked.php
CODE: $data['text_empty']
LINE: 30

FILE: catalog/controller/product/bestseller.php
CODE: $data['text_empty']
LINE: 76
CODE: {% if review_status %}
LINE: 758
CODE: {% if review_status %}
LINE: 369

FILE: catalog/view/theme/4tv/template/product/category.twig
CODE: {{ footer }}
LINE: 643

FILE: catalog/view/theme/default/template/product/category.twig
CODE: {{ footer }}
LINE: 257

FILE: catalog/view/theme/4tv/template/product/bestseller.twig
CODE: {{ footer }}
LINE: 571

FILE: catalog/view/theme/4tv/template/product/looked.twig
CODE: {{ footer }}
LINE: 591

FILE: catalog/view/theme/4tv/template/product/special.twig
CODE: {{ footer }}
LINE: 573

FILE: catalog/view/theme/default/template/product/special.twig
CODE: {{ footer }}
LINE: 200
----------------------------------------------------------------
MOD: Качелька +- wide-catalog
CODE: {{ footer }}
LINE: 662
CODE: <!--pc-quantity-btn-->
LINE: 340
CODE: {{ footer }}
LINE: 276
CODE: <!--pc-quantity-btn-->
NOT FOUND - OPERATIONS ABORTED!
----------------------------------------------------------------
MOD: Корзина Popup
CODE: public function index() {
NOT FOUND - OPERATION SKIPPED!
CODE: public function index() {
LINE: 7
CODE: </head>
LINE: 74
CODE: </head>
LINE: 63
CODE: </body>
LINE: 547
CODE: </body>
LINE: 214
----------------------------------------------------------------
MOD: Менеджер рассылки
CODE: $system = array();
LINE: 684
----------------------------------------------------------------
MOD: Очиcтка кэша
CODE: $data['logged'] = true;
LINE: 57
CODE: <ul class="nav navbar-nav navbar-right">
LINE: 116
CODE: <ul class="nav navbar-nav navbar-right">
LINE: 134
----------------------------------------------------------------
MOD: Подивитись ще
CODE: {{ footer }}
LINE: 728
CODE: <!--button show_more-->
LINE: 445
CODE: {{ footer }}
LINE: 335
CODE: <!--button show_more-->
NOT FOUND - OPERATIONS ABORTED!
CODE: $_['text_limit']
LINE: 42
CODE: $_['text_limit']
LINE: 42
CODE: $data['breadcrumbs'] = array();
LINE: 141
----------------------------------------------------------------
MOD: Показати кнопку скидання фільтра при одній опції(правка)

FILE: catalog/view/theme/default/template/extension/module/ocfilter/selected_filter.twig
CODE: {% if selecteds|length > 1 or selecteds|first.values|length > 1 %}
LINE: 13
----------------------------------------------------------------
